<?xml version="1.0" encoding="UTF-8"?>
<!-- Generated by org.testng.reporters.JUnitXMLReporter -->
<testsuite ignored="0" hostname="CNLDLF2586" failures="0" tests="3" name="Default test" time="21.056" errors="0" timestamp="2023-08-18T20:52:47 IST">
  <testcase classname="com.qa.testscripts.AutomationPanda_Scenario_01" name="verifyingTitle" time="0.053"/>
  <testcase classname="com.qa.testscripts.AutomationPanda_Scenario_01" name="verifyingContactPage" time="10.835"/>
  <testcase classname="com.qa.testscripts.AutomationPanda_Scenario_01" name="verifyingMessageSent" time="0.133"/>
</testsuite> <!-- Default test -->
