<?xml version="1.0" encoding="UTF-8"?>
<testng-results ignored="0" total="3" passed="3" failed="0" skipped="0">
  <reporter-output>
  </reporter-output>
  <suite started-at="2023-08-19T21:03:25 IST" name="AutomationPandaSuite" finished-at="2023-08-19T21:03:36 IST" duration-ms="10707">
    <groups>
    </groups>
    <test started-at="2023-08-19T21:03:25 IST" name="AutomationTest" finished-at="2023-08-19T21:03:36 IST" duration-ms="10707">
      <class name="com.qa.testscripts.AutomationPanda_Scenario_01">
        <test-method is-config="true" signature="setUp(java.lang.String)[pri:0, instance:com.qa.testscripts.AutomationPanda_Scenario_01@506ae4d4]" started-at="2023-08-19T21:03:09 IST" name="setUp" finished-at="2023-08-19T21:03:25 IST" duration-ms="16311" status="PASS">
          <params>
            <param index="0">
              <value>
                <![CDATA[ https://automationpanda.com/2021/12/29/want-to-practice-test-automation-try-these-demo-sites/]]>
              </value>
            </param>
          </params>
          <reporter-output>
          </reporter-output>
        </test-method> <!-- setUp -->
        <test-method signature="verifyingTitle()[pri:1, instance:com.qa.testscripts.AutomationPanda_Scenario_01@506ae4d4]" started-at="2023-08-19T21:03:25 IST" name="verifyingTitle" finished-at="2023-08-19T21:03:25 IST" duration-ms="39" status="PASS">
          <reporter-output>
          </reporter-output>
        </test-method> <!-- verifyingTitle -->
        <test-method signature="verifyingContactPage()[pri:2, instance:com.qa.testscripts.AutomationPanda_Scenario_01@506ae4d4]" started-at="2023-08-19T21:03:25 IST" name="verifyingContactPage" finished-at="2023-08-19T21:03:35 IST" duration-ms="10339" status="PASS">
          <reporter-output>
          </reporter-output>
        </test-method> <!-- verifyingContactPage -->
        <test-method signature="verifyingMessageSent()[pri:0, instance:com.qa.testscripts.AutomationPanda_Scenario_01@506ae4d4]" started-at="2023-08-19T21:03:35 IST" name="verifyingMessageSent" finished-at="2023-08-19T21:03:36 IST" depends-on-methods="com.qa.testscripts.AutomationPanda_Scenario_01.verifyingContactPage" duration-ms="191" status="PASS">
          <reporter-output>
          </reporter-output>
        </test-method> <!-- verifyingMessageSent -->
        <test-method is-config="true" signature="tearDown()[pri:0, instance:com.qa.testscripts.AutomationPanda_Scenario_01@506ae4d4]" started-at="2023-08-19T21:03:36 IST" name="tearDown" finished-at="2023-08-19T21:03:37 IST" duration-ms="952" status="PASS">
          <reporter-output>
          </reporter-output>
        </test-method> <!-- tearDown -->
      </class> <!-- com.qa.testscripts.AutomationPanda_Scenario_01 -->
    </test> <!-- AutomationTest -->
  </suite> <!-- AutomationPandaSuite -->
</testng-results>
