<?xml version="1.0" encoding="UTF-8"?>
<!-- Generated by org.testng.reporters.JUnitXMLReporter -->
<testsuite ignored="0" hostname="CNLDLF2586" failures="0" tests="3" name="AutomationTest" time="10.707" errors="0" timestamp="2023-08-19T21:03:36 IST">
  <testcase classname="com.qa.testscripts.AutomationPanda_Scenario_01" name="verifyingTitle" time="0.039"/>
  <testcase classname="com.qa.testscripts.AutomationPanda_Scenario_01" name="verifyingContactPage" time="10.339"/>
  <testcase classname="com.qa.testscripts.AutomationPanda_Scenario_01" name="verifyingMessageSent" time="0.191"/>
</testsuite> <!-- AutomationTest -->
